Field ID	2MID		visit	chi2
4586	2M03441568+3231282	1	nan
4586	2M03441568+3231282	2	nan
4586	2M03441568+3231282	3	nan
4586	2M03441568+3231282	4	nan
4586	2M03441568+3231282	5	nan
4586	2M03441568+3231282	6	nan
4586	2M03441568+3231282	7	nan
4586	2M03441568+3231282	8	nan
4586	2M03441568+3231282	9	nan
4586	2M03441568+3231282	10	nan
4586	2M03441568+3231282	11	nan
4586	2M03441568+3231282	12	nan
4586	2M03441568+3231282	13	nan
4586	2M03441568+3231282	14	nan
4586	2M03441568+3231282	15	nan
4586	2M03485329+3132297	1	nan
4586	2M03485329+3132297	2	nan
4586	2M03485329+3132297	3	nan
4586	2M03485329+3132297	4	nan
4586	2M03485329+3132297	5	nan
4586	2M03485329+3132297	6	nan
4586	2M03405779+3118059	1	nan
4586	2M03405779+3118059	2	nan
4586	2M03405779+3118059	3	nan
4586	2M03405779+3118059	4	nan
4586	2M03405779+3118059	5	nan
4586	2M03405779+3118059	6	nan
