 41.47849347   65.72641009     3       B9V   2M02455483+6543350  4310    apStar-r5-2M02455483+6543350.fits    4310/apStar-r5-2M02455483+6543350.fits
  0.41452801   73.61186211     1        Am   2M00013948+7336427  4287    apStar-r5-2M00013948+7336427.fits    4287/apStar-r5-2M00013948+7336427.fits
  
  
  8.08837300   85.31083700     9        x    2M00322120+8518390  4217    apStar-r5-2M00322120+8518390.fits    4217/apStar-r5-2M00322120+8518390.fits
  8.68787600   85.20163700     8        x    2M00344509+8512058  4217    apStar-r5-2M00344509+8512058.fits    4217/apStar-r5-2M00344509+8512058.fits
 11.43707400   85.07169300     9        x    2M00454489+8504180  4217    apStar-r5-2M00454489+8504180.fits    4217/apStar-r5-2M00454489+8504180.fits
 11.66336200   85.39268500     9        x    2M00463920+8523336  4217    apStar-r5-2M00463920+8523336.fits    4217/apStar-r5-2M00463920+8523336.fits
 
 12.84069100   85.21048000     4        x    2M00512176+8512377  4217    apStar-r5-2M00512176+8512377.fits    4217/apStar-r5-2M00512176+8512377.fits
 15.39869500   85.37374900     4        x    2M01013568+8522254  4217    apStar-r5-2M01013568+8522254.fits    4217/apStar-r5-2M01013568+8522254.fits
 
 
 29.33771896   17.81760406     1       K1p   2M01572105+1749033     1    apStar-r5-2M01572105+1749033.fits       1/apStar-r5-2M01572105+1749033.fits
 30.95063972   -0.34025800     1    G4IIIb   2M02034815-0020249     1    apStar-r5-2M02034815-0020249.fits       1/apStar-r5-2M02034815-0020249.fits
 49.66041183   72.27512360     1        F8   2M03183846+7216305     1    apStar-r5-2M03183846+7216305.fits       1/apStar-r5-2M03183846+7216305.fits
 51.64743042   28.71510315     1      G5IV   2M03263538+2842543     1    apStar-r5-2M03263538+2842543.fits       1/apStar-r5-2M03263538+2842543.fits
 56.08544600   24.77285400     3       G5V   2M03442050+2446222  4259    apStar-r5-2M03442050+2446222.fits    4259/apStar-r5-2M03442050+2446222.fits
 56.26360200   23.83943900     3       K2V   2M03450326+2350219  4259    apStar-r5-2M03450326+2350219.fits    4259/apStar-r5-2M03450326+2350219.fits
 56.43504000   24.22033500     3        G0   2M03454440+2413132  4259    apStar-r5-2M03454440+2413132.fits    4259/apStar-r5-2M03454440+2413132.fits
 56.75880432   41.42723846     1       K2V   2M03470204+4125397     1    apStar-r5-2M03470204+4125397.fits       1/apStar-r5-2M03470204+4125397.fits
 57.29885800   24.63660600     3        G5   2M03491172+2438117  4259    apStar-r5-2M03491172+2438117.fits    4259/apStar-r5-2M03491172+2438117.fits
 57.85541034   25.16294082     3        A1   2M03512529+2509465  4259    apStar-r5-2M03512529+2509465.fits    4259/apStar-r5-2M03512529+2509465.fits
 63.72439575   48.40931320     1      G0Ib   2M04145385+4824335     1    apStar-r5-2M04145385+4824335.fits       1/apStar-r5-2M04145385+4824335.fits
 78.87391376   46.40596403     5       B7V   2M05152973+4624214  4557    apStar-r5-2M05152973+4624214.fits    4557/apStar-r5-2M05152973+4624214.fits
 80.57769012   -8.66611958     1      S4-1   2M05221863-0839581     1              apStar-r5-HD_35155.fits                 1/apStar-r5-HD_35155.fits
 83.66568500   -5.40707100     4        K3   2M05343976-0524254  4611    apStar-r5-2M05343976-0524254.fits    4611/apStar-r5-2M05343976-0524254.fits
 83.66568500   -5.40707100     1        K3   2M05343976-0524254  4612    apStar-r5-2M05343976-0524254.fits    4612/apStar-r5-2M05343976-0524254.fits
 84.21158500   -4.99261600     1      F9IV   2M05365078-0459334  4612    apStar-r5-2M05365078-0459334.fits    4612/apStar-r5-2M05365078-0459334.fits
 89.21079887   16.35506087     4       B3V   2M05565059+1621182  4568    apStar-r5-2M05565059+1621182.fits    4568/apStar-r5-2M05565059+1621182.fits
 89.26923370   49.02973175     1     G8III   2M05570461+4901470     1    apStar-r5-2M05570461+4901470.fits       1/apStar-r5-2M05570461+4901470.fits
 95.25323724   14.70480894    11       B6V   2M06210077+1442173  4273    apStar-r5-2M06210077+1442173.fits    4273/apStar-r5-2M06210077+1442173.fits
 98.19530487  -11.16639233     1  G9IIIBa3   2M06324687-1109590     1    apStar-r5-2M06324687-1109590.fits       1/apStar-r5-2M06324687-1109590.fits
102.09290314    5.54168034     1      S3/2   2M06482229+0532296     1              apStar-r5-HD_49368.fits                 1/apStar-r5-HD_49368.fits
105.36268323   -3.11757196     3       O9V   2M07012704-0307032  4324    apStar-r5-2M07012704-0307032.fits    4324/apStar-r5-2M07012704-0307032.fits
107.50751500   38.52938500     3      dM5e   2M07100180+3831457  4221    apStar-r5-2M07100180+3831457.fits    4221/apStar-r5-2M07100180+3831457.fits
112.45328522   27.91617775     1     K2III   2M07294878+2754582     1    apStar-r5-2M07294878+2754582.fits       1/apStar-r5-2M07294878+2754582.fits
114.14463043    5.86217690     1       G0V   2M07363470+0551438     1    apStar-r5-2M07363470+0551438.fits       1/apStar-r5-2M07363470+0551438.fits
114.33903200  -12.06799800     3        x    2M07372136-1204047  4584    apStar-r5-2M07372136-1204047.fits    4584/apStar-r5-2M07372136-1204047.fits
114.67610500   21.51725000     3        x    2M07384226+2131021  4147    apStar-r5-2M07384226+2131021.fits    4147/apStar-r5-2M07384226+2131021.fits
120.62834168   63.09033585     1     G1III   2M08023079+6305252     1    apStar-r5-2M08023079+6305252.fits       1/apStar-r5-2M08023079+6305252.fits
120.87956238   27.79433632     1     K2III   2M08033109+2747396     1    apStar-r5-2M08033109+2747396.fits       1/apStar-r5-2M08033109+2747396.fits
123.21672058   -7.20461607     1        K0   2M08125201-0712166     1    apStar-r5-2M08125201-0712166.fits       1/apStar-r5-2M08125201-0712166.fits
124.82154083   62.50714111     1     G8III   2M08191716+6230257     1    apStar-r5-2M08191716+6230257.fits       1/apStar-r5-2M08191716+6230257.fits
132.80565700   11.86114300     3       K1V   2M08511335+1151401  4162    apStar-r5-2M08511335+1151401.fits    4162/apStar-r5-2M08511335+1151401.fits
132.81959000   11.75814500     3       G6V   2M08511670+1145293  4162    apStar-r5-2M08511670+1145293.fits    4162/apStar-r5-2M08511670+1145293.fits
132.82497500   11.76503700     3        x    2M08511799+1145541  4162    apStar-r5-2M08511799+1145541.fits    4162/apStar-r5-2M08511799+1145541.fits
132.83663300   11.89059500     3      F4IV   2M08512079+1153261  4162    apStar-r5-2M08512079+1153261.fits    4162/apStar-r5-2M08512079+1153261.fits
132.84064600   11.87717200     3        G3   2M08512175+1152378  4162    apStar-r5-2M08512175+1152378.fits    4162/apStar-r5-2M08512175+1152378.fits
132.84905800   11.83036600     3        G8   2M08512377+1149493  4162    apStar-r5-2M08512377+1149493.fits    4162/apStar-r5-2M08512377+1149493.fits
132.85543600   12.04898600    22        x    2M08512530+1202563  4162    apStar-r5-2M08512530+1202563.fits    4162/apStar-r5-2M08512530+1202563.fits
132.86393118   12.12796871    22        F0   2M08512734+1207406  4162    apStar-r5-2M08512734+1207406.fits    4162/apStar-r5-2M08512734+1207406.fits
132.87459300   11.78802000     3        K3   2M08512990+1147168  4162    apStar-r5-2M08512990+1147168.fits    4162/apStar-r5-2M08512990+1147168.fits
132.90768100   11.84919000     8      F5-7   2M08513784+1150570  4162    apStar-r5-2M08513784+1150570.fits    4162/apStar-r5-2M08513784+1150570.fits
132.92478900   11.72698700     8        x    2M08514194+1143371  4162    apStar-r5-2M08514194+1143371.fits    4162/apStar-r5-2M08514194+1143371.fits
132.93146400   11.74067800     3        K1   2M08514355+1144264  4162    apStar-r5-2M08514355+1144264.fits    4162/apStar-r5-2M08514355+1144264.fits
132.95135300   11.85329500     8        x    2M08514832+1151118  4162    apStar-r5-2M08514832+1151118.fits    4162/apStar-r5-2M08514832+1151118.fits
132.95918100   11.76860100     3        G8   2M08515020+1146069  4162    apStar-r5-2M08515020+1146069.fits    4162/apStar-r5-2M08515020+1146069.fits
134.15602112   64.60382080     2     G6III   2M08563744+6436137     1    apStar-r5-2M08563744+6436137.fits       1/apStar-r5-2M08563744+6436137.fits
144.30279541    6.83574581     1     K1III   2M09371267+0650086     1    apStar-r5-2M09371267+0650086.fits       1/apStar-r5-2M09371267+0650086.fits
144.52797941   56.01869995     3        A0   2M09380671+5601073  4211    apStar-r5-2M09380671+5601073.fits    4211/apStar-r5-2M09380671+5601073.fits
156.97093201   36.70720673     1  G8III-IV   2M10275302+3642259     1    apStar-r5-2M10275302+3642259.fits       1/apStar-r5-2M10275302+3642259.fits
158.31220300   29.61523100     3     K3III   2M10331492+2936548  4506    apStar-r5-2M10331492+2936548.fits    4506/apStar-r5-2M10331492+2936548.fits
161.33543441   45.56629154     3       B8V   2M10452050+4533586  4504    apStar-r5-2M10452050+4533586.fits    4504/apStar-r5-2M10452050+4533586.fits
168.96620178   13.30756569     2     K3III   2M11155189+1318272     1    apStar-r5-2M11155189+1318272.fits       1/apStar-r5-2M11155189+1318272.fits
170.70660400   43.48271179     1  G7.5IIIa   2M11224958+4328577     1    apStar-r5-2M11224958+4328577.fits       1/apStar-r5-2M11224958+4328577.fits
175.87786552  -15.04283235     4       B5V   2M11433068-1502341  4214    apStar-r5-2M11433068-1502341.fits    4214/apStar-r5-2M11433068-1502341.fits
180.21827698    6.61440897     2       A4V   2M12005238+0636518     1    apStar-r5-2M12005238+0636518.fits       1/apStar-r5-2M12005238+0636518.fits
180.41459656   36.04209137     1     K0III   2M12013949+3602315     1    apStar-r5-2M12013949+3602315.fits       1/apStar-r5-2M12013949+3602315.fits
183.04963684   77.61623383     1        Am   2M12121191+7736584     1    apStar-r5-2M12121191+7736584.fits       1/apStar-r5-2M12121191+7736584.fits
185.54890442   73.24848175     1       G0V   2M12221182+7314542     1    apStar-r5-2M12221182+7314542.fits       1/apStar-r5-2M12221182+7314542.fits
186.01442702   25.85121675     2       A7V   2M12240346+2551043  4216    apStar-r5-2M12240346+2551043.fits    4216/apStar-r5-2M12240346+2551043.fits
187.05779000   25.03347600     3        G5   2M12281386+2502005  4216    apStar-r5-2M12281386+2502005.fits    4216/apStar-r5-2M12281386+2502005.fits
187.15900486   26.22695351     1       A2m   2M12283815+2613370  4216    apStar-r5-2M12283815+2613370.fits    4216/apStar-r5-2M12283815+2613370.fits
187.18570798   25.89931490     3        Am   2M12284457+2553575  4216    apStar-r5-2M12284457+2553575.fits    4216/apStar-r5-2M12284457+2553575.fits
193.32397461   21.24495888     1     G8III   2M12531775+2114418     1    apStar-r5-2M12531775+2114418.fits       1/apStar-r5-2M12531775+2114418.fits
193.40876770   -4.22462320     1        K0   2M12533810-0413286     1    apStar-r5-2M12533810-0413286.fits       1/apStar-r5-2M12533810-0413286.fits
197.12466438   -2.67898100     4        Fm   2M13082991-0240443  4514    apStar-r5-2M13082991-0240443.fits    4514/apStar-r5-2M13082991-0240443.fits
198.08226013   17.51712227     2       F9V   2M13121982+1731016     1    apStar-r5-2M13121982+1731016.fits       1/apStar-r5-2M13121982+1731016.fits
198.08262000   17.51712038    10       F9V   2M13121982+1731016  4128    apStar-r5-2M13121982+1731016.fits    4128/apStar-r5-2M13121982+1731016.fits
198.08262100   17.51712000     3       F9V   2M13121982+1731016  4128   apStarC-r5-2M13121982+1731016.fits   4128/apStarC-r5-2M13121982+1731016.fits
204.50389099   22.52737617     1        G5   2M13380093+2231385     1    apStar-r5-2M13380093+2231385.fits       1/apStar-r5-2M13380093+2231385.fits
206.96917237   -0.59465098     4        A2   2M13475259-0035407  4447    apStar-r5-2M13475259-0035407.fits    4447/apStar-r5-2M13475259-0035407.fits
208.67115784   18.39772034     1      G0IV   2M13544106+1823514     1             apStar-r5-HD_121370.fits                1/apStar-r5-HD_121370.fits
214.18660633   53.26356908     3        A5   2M14164478+5315488  4499    apStar-r5-2M14164478+5315488.fits    4499/apStar-r5-2M14164478+5315488.fits
214.90726640    5.89630098     3     F0/1V   2M14193774+0553466  4517    apStar-r5-2M14193774+0553466.fits    4517/apStar-r5-2M14193774+0553466.fits
218.76566705    9.11372996     3     F7/8V   2M14350376+0906494  4436    apStar-r5-2M14350376+0906494.fits    4436/apStar-r5-2M14350376+0906494.fits
222.01421158   13.94477656     4        F8   2M14480341+1356411  4493    apStar-r5-2M14480341+1356411.fits    4493/apStar-r5-2M14480341+1356411.fits
222.98255920    8.82536125     1        K0   2M14515581+0849312     1    apStar-r5-2M14515581+0849312.fits       1/apStar-r5-2M14515581+0849312.fits
223.60212601   45.29882814     3       F5V   2M14542451+4517557  4498    apStar-r5-2M14542451+4517557.fits    4498/apStar-r5-2M14542451+4517557.fits
226.94375610    8.87978172     1        x    2M15074648+0852472     1    apStar-r5-2M15074648+0852472.fits       1/apStar-r5-2M15074648+0852472.fits
230.85858154   -6.61047792     2     K1III   2M15232606-0636377     1    apStar-r5-2M15232606-0636377.fits       1/apStar-r5-2M15232606-0636377.fits
231.58143600   36.98152200     3        x    2M15261954+3658534  4232    apStar-r5-2M15261954+3658534.fits    4232/apStar-r5-2M15261954+3658534.fits
240.42088318   66.80281830     1     K3III   2M16014101+6648101     1                apStar-r5-AG_Dra.fits                   1/apStar-r5-AG_Dra.fits
240.83061218   36.63181686     2     F7III   2M16031935+3637545     1    apStar-r5-2M16031935+3637545.fits       1/apStar-r5-2M16031935+3637545.fits
242.46054077   -3.46668291     1     K4III   2M16095052-0328000     1    apStar-r5-2M16095052-0328000.fits       1/apStar-r5-2M16095052-0328000.fits
242.86357537   23.81994585     5        K0   2M16112725+2349118  4208    apStar-r5-2M16112725+2349118.fits    4208/apStar-r5-2M16112725+2349118.fits
252.38019321   47.10800174    13     A7IV:   2M16493124+4706288  4204    apStar-r5-2M16493124+4706288.fits    4204/apStar-r5-2M16493124+4706288.fits
254.01897793   47.37077041    13        Am   2M16560455+4722147  4204    apStar-r5-2M16560455+4722147.fits    4204/apStar-r5-2M16560455+4722147.fits
254.32397634   86.84461175     3        F2   2M16571775+8650406  4528    apStar-r5-2M16571775+8650406.fits    4528/apStar-r5-2M16571775+8650406.fits
257.97789290   57.96758293     4        F5   2M17115469+5758032  4454    apStar-r5-2M17115469+5758032.fits    4454/apStar-r5-2M17115469+5758032.fits
259.65178681   41.88805772    15        Am   2M17183642+4153170  4202    apStar-r5-2M17183642+4153170.fits    4202/apStar-r5-2M17183642+4153170.fits
259.65179424   41.88805846     3        Am   2M17183642+4153170  4202   apStarC-r5-2M17183642+4153170.fits   4202/apStarC-r5-2M17183642+4153170.fits
260.22546387   73.01383209     1        K0   2M17205410+7300497     1    apStar-r5-2M17205410+7300497.fits       1/apStar-r5-2M17205410+7300497.fits
260.38018799   28.75806046     1     G0III   2M17213124+2845290     1    apStar-r5-2M17213124+2845290.fits       1/apStar-r5-2M17213124+2845290.fits
267.51381619   48.39421833     3   B6IV-Ve   2M17500331+4823391  4525    apStar-r5-2M17500331+4823391.fits    4525/apStar-r5-2M17500331+4823391.fits
271.29401210  -24.39852909     4     O6.5V   2M18051056-2423547  4366    apStar-r5-2M18051056-2423547.fits    4366/apStar-r5-2M18051056-2423547.fits
272.22516673  -25.47302114     1        B5   2M18085403-2528228  4347    apStar-r5-2M18085403-2528228.fits    4347/apStar-r5-2M18085403-2528228.fits
272.22516696  -25.47302149     4        B5   2M18085403-2528228  4366    apStar-r5-2M18085403-2528228.fits    4366/apStar-r5-2M18085403-2528228.fits
274.27016138    1.00572594     5       F1V   2M18170483+0100206  4107    apStar-r5-2M18170483+0100206.fits    4107/apStar-r5-2M18170483+0100206.fits
276.80206299    0.19609000     2     G0III   2M18271249+0011459     1    apStar-r5-2M18271249+0011459.fits       1/apStar-r5-2M18271249+0011459.fits
277.47546387   26.65728569     1  G8III-IV   2M18295411+2639262     1    apStar-r5-2M18295411+2639262.fits       1/apStar-r5-2M18295411+2639262.fits
282.75387300   -6.24900900     2  G8II-III   2M18510092-0614564  4470    apStar-r5-2M18510092-0614564.fits    4470/apStar-r5-2M18510092-0614564.fits
286.29095459   49.92313385     1     K3III   2M19050982+4955232     1    apStar-r5-2M19050982+4955232.fits       1/apStar-r5-2M19050982+4955232.fits
286.94843406   38.92822252     8        A3   2M19074762+3855416  4407    apStar-r5-2M19074762+3855416.fits    4407/apStar-r5-2M19074762+3855416.fits
287.44200206   37.79422009     3        Am   2M19094607+3747391  4407    apStar-r5-2M19094607+3747391.fits    4407/apStar-r5-2M19094607+3747391.fits
288.98737678   27.45583453    13     B5III   2M19155697+2727210  4251    apStar-r5-2M19155697+2727210.fits    4251/apStar-r5-2M19155697+2727210.fits
289.70171074   19.61049460     2     B7.5V   2M19184840+1936377  4540    apStar-r5-2M19184840+1936377.fits    4540/apStar-r5-2M19184840+1936377.fits
289.75476749   37.44535448     1     A0III   2M19190114+3726432  4262    apStar-r5-2M19190114+3726432.fits    4262/apStar-r5-2M19190114+3726432.fits
295.23768800   40.16856400     3        x    2M19405704+4010068  4263    apStar-r5-2M19405704+4010068.fits    4263/apStar-r5-2M19405704+4010068.fits
295.24154700   40.13818000     3        x    2M19405797+4008174  4263    apStar-r5-2M19405797+4008174.fits    4263/apStar-r5-2M19405797+4008174.fits
295.28414800   40.25237700     3        x    2M19410819+4015085  4588    apStar-r5-2M19410819+4015085.fits    4588/apStar-r5-2M19410819+4015085.fits
295.29145200   40.15155800     3        x    2M19410994+4009056  4263    apStar-r5-2M19410994+4009056.fits    4263/apStar-r5-2M19410994+4009056.fits
295.31799600   40.09746900     3        x    2M19411631+4005508  4263    apStar-r5-2M19411631+4005508.fits    4263/apStar-r5-2M19411631+4005508.fits
295.32401200   40.15440400     3        x    2M19411776+4009158  4263    apStar-r5-2M19411776+4009158.fits    4263/apStar-r5-2M19411776+4009158.fits
295.37631900   40.15015800     3        x    2M19413031+4009005  4263    apStar-r5-2M19413031+4009005.fits    4263/apStar-r5-2M19413031+4009005.fits
295.62271590   31.32780305     3      B9.5   2M19422945+3119400  4542    apStar-r5-2M19422945+3119400.fits    4542/apStar-r5-2M19422945+3119400.fits
298.09069034   18.67183451     1    O7.5Ia   2M19522176+1840186  4261   apStarC-r5-2M19522176+1840186.fits   4261/apStarC-r5-2M19522176+1840186.fits
298.09069037   18.67183540     1    O7.5Ia   2M19522176+1840186  4261    apStar-r5-2M19522176+1840186.fits    4261/apStar-r5-2M19522176+1840186.fits
308.41519091   45.17555975     3       A0p   2M20333964+4510320  4544    apStar-r5-2M20333964+4510320.fits    4544/apStar-r5-2M20333964+4510320.fits
309.58450317   -1.10508704     1     G8III   2M20382028-0106183     1    apStar-r5-2M20382028-0106183.fits       1/apStar-r5-2M20382028-0106183.fits
316.84874505   47.27751857    25       B8V   2M21072370+4716390  4242    apStar-r5-2M21072370+4716390.fits    4242/apStar-r5-2M21072370+4716390.fits
321.91785644   66.65819532     3        F2   2M21274028+6639295  4303    apStar-r5-2M21274028+6639295.fits    4303/apStar-r5-2M21274028+6639295.fits
322.60767622   44.87498113     4        A5   2M21302584+4452299  4249    apStar-r5-2M21302584+4452299.fits    4249/apStar-r5-2M21302584+4452299.fits
327.77067247   39.53664049     3    B9HgMn   2M21510496+3932119  4275    apStar-r5-2M21510496+3932119.fits    4275/apStar-r5-2M21510496+3932119.fits
328.81024170   44.41861725     1        G8   2M21551445+4425070     1    apStar-r5-2M21551445+4425070.fits       1/apStar-r5-2M21551445+4425070.fits
332.88073731   18.09282494     1        x    2M22113136+1805341     1           apStar-r5-BD_+17_4708.fits              1/apStar-r5-BD_+17_4708.fits
337.03054810   12.24867153     1       K0V   2M22280733+1214552     1    apStar-r5-2M22280733+1214552.fits       1/apStar-r5-2M22280733+1214552.fits
337.52713013   49.35644913     1     K2III   2M22300651+4921232     1    apStar-r5-2M22300651+4921232.fits       1/apStar-r5-2M22300651+4921232.fits
337.81574067   63.52264769     3       A2V   2M22311577+6331215  4421    apStar-r5-2M22311577+6331215.fits    4421/apStar-r5-2M22311577+6331215.fits
337.82675171   -2.91127491     1     K0III   2M22311842-0254405     1    apStar-r5-2M22311842-0254405.fits       1/apStar-r5-2M22311842-0254405.fits
346.82499000   46.06817626     3       B2V   2M23071799+4604054  4300    apStar-r5-2M23071799+4604054.fits    4300/apStar-r5-2M23071799+4604054.fits
346.97433472   75.38742828     1     G2III   2M23075384+7523147     1    apStar-r5-2M23075384+7523147.fits       1/apStar-r5-2M23075384+7523147.fits
350.00276804   61.14985330     3     B3IVn   2M23200066+6108594  4317    apStar-r5-2M23200066+6108594.fits    4317/apStar-r5-2M23200066+6108594.fits
