4120,2M00004725+7117024
4413,2m00500362+4207080
4217,2m01090173+8355445
4479,2m02501791+0818232
4288,2m03054255+3941490
4288,2m03130064+4025425
4288,2M03144795+3856563
4471,2M03232371+0841273
4311,2M03274505+6943073
4205,2M03283657+7951380
4205,2M03320943+7901322
4587,2M03363561+3104286
4586,2M03403429+3200488
4586,2M03464087+3217247
4205,2M03553407+7906559
4122,2M05113282+2408029
4612,2M05310010-0611287
4155,2M05341973+2752097
4289,2M05345669+6321293
4600,2M05424973+5528107
4564,2M05430785+2344086
4156,2M05590290+3101488
4156,2M05593050+3038112
4146,2M06315817+1632207
4572,2M06405677+0930150
4572,2M06411027+0933250
4574,2M06540975+0906449
4608,2M07170464+3050353
4609,2M07204618+2337505
4609,2M07254144+2459239
4609,2M07273481+2322247
4609,2M07282884+2458284
4147,2M07355296+2135482
4147,2M07400416+2100570
4532,2M07545875+3942481
4162,2M08474493+1125002
4162,2M08512079+1153261
4162,2M08541894+1239291
4450,2M09282191+2730441
4506,2M10410904+2949589
4236,2M10545991+0036261
4503,2M10594033+4947584
4510,2M11135772+0754224
4216,2M12202692+2646324
4125,2M12241023-0114366
4513,2M12244986-0204333
4126,2M12391544-0722215
4126,2M12404670-0707079
4126,2M12410046-0845223
4446,2M12415955-0239157
4128,2M13074627+1703308
4128,2M13143957+1740466
4515,2M13283285-0057440
4215,2M13401964-1644163
4160,2M13412973+2821299
4233,2M13583847+4216143
4482,2M13591496+2554260
4517,2M14195716+0545004
4494,2M14482190+1712442
4494,2M14581943+1753259
4220,2M14594265+3000057
4495,2M15012822+2731087
4207,2M15200435-0125536
4232,2M15283742+3618459
4200,2M16260378-1233186
4200,2M16323024-1257541
4200,2M16324492-1300124
4204,2M16432813+4758301
4204,2M16554290+4724343
4522,2M16571950+1136249
4522,2M16584672+1111276
4202,2M17165652+4308156
4202,2M17172810+4350090
4250,2M00230500+5803223
4243,2M00305850+6342410
4425,2M01321071+6634585
4478,2M02075151+1347290
4288,2M03100732+4033294
4587,2M03261467+3209453
4205,2M03293158+7818574
4586,2M03400448+3118568
4259,2M03420001+2501472
4259,2M03430552+2449285
4586,2M03445064+3219067
4586,2M03475033+3226225
4152,2M03514922+4849581
4205,2M03584558+7841217
4121,2M04404390+5639323
4257,2M04542322+3909269
4611,2M05321683-0548237
4611,2M05352989-0512103
4613,2M05342256-0620292
4613,2M05382589-0659519
4154,2M05412040+2947055
4600,2M05422354+5436050
4615,2M05424930-0845159
4418,2M06092222+2444208
4273,2M06194579+1611337
4604,2M06200432+5655313
4572,2M06400851+0944134
4617,2M06411170-0118035
4572,2M06412454+0937355
4157,2M06455815+0359470
4602,2M06480299+2824439
4221,2M07055281+3836022
4609,2M07314640+2338533
4533,2M08122111+2659393
4533,2M08181455+2904446
4162,2M08542841+1113088
4162,2M08544578+1218431
4450,2M09244403+2640593
4536,2M09282036-0805184
4442,2M10460449+3943178
4448,2M10545429+1718076
4239,2M11072686-0546170
4441,2M11265221+5207450
4449,2M11572921-1701023
4148,2M12080480+1707498
4501,2M12172421+5625036
4216,2M12211197+2704339
4490,2M12211862+1326565
4486,2M12212493+3957137
4486,2M12222948+4003372
4491,2M12474268+1128571
4127,2M12545354+2643150
4128,2M13101632+1711251
4128,2M13104194+1756207
4128,2M13143277+1702017
4160,2M13431625+2633184
4481,2M13484871+1913474
4499,2M14164478+5315488
4439,2M14391529+5004309
4494,2M14545499+1809210
4231,2M14550677+3816504
4231,2M14554424+3758270
4495,2M15051086+2633556
4520,2M16004585-0940287
4520,2M16005852-1220130
4209,2M16061986+5219060
4204,2M16452742+4814437
4372,2M16491030-2004313
4372,2M16503926-1938380
4359,2M17163639-2441463
4385,2M17352288-2913255
4385,2M17380171-2858281
